Encrypted Key: 3oqQQhMeh80Dfp3j
 2019-11-27 14:18:21.743839 3507
Encrypted Key: P3FSy59oXXHS8pPp
 2019-11-27 14:19:02.996430 3712
Encrypted Key: NT8TAf8PItz95OuR
 2019-11-28 22:50:33.462580 11309
Encrypted Key: 1nCO9PhuNFoeuBf7
 2019-11-28 22:53:06.006619 11783
Encrypted Key: AoP2u87MXhoaipQG
 2019-11-29 23:42:41.693235 1762
Encrypted Key: AoP2u87MXhoaipQG
 2019-11-29 23:49:42.659018 2655
Encrypted Key: lh8BQUDR66sdDy1M
 2019-11-30 00:04:26.427976 1986
Encrypted Key: lh8BQUDR66sdDy1M
 2019-11-30 00:15:56.853486 5643
Encrypted Key: lh8BQUDR66sdDy1M
 2019-11-30 00:16:45.005414 5735
Encrypted Key: wPgWDJwNLY2rgvmG
 2019-11-30 00:22:29.266757 11403
Encrypted Key: gshTYhhq6otkULCU
 2019-11-30 00:23:31.950437 11716
Encrypted Key: gshTYhhq6otkULCU
 2019-12-07 08:28:51.641925 1957
Encrypted Key: qcRewitvAkeNbwth
 2019-12-07 08:30:26.270890 2306
Encrypted Key: 36lUN2VboV2SZ6mb
 2019-12-07 08:43:48.250504 2682
Encrypted Key: 0ZdHDXjG7rLXswih
 2019-12-07 08:47:42.113765 3067
Encrypted Key: jaHjC0ZGyIxjdltW
 2019-12-07 08:50:21.725018 3398
Encrypted Key: nOrv2mHZrjKtetbV
 2019-12-07 08:54:36.483222 3695
Encrypted Key: G6GFwgMXNz4lDnA6
 2019-12-07 08:57:37.055326 3956
Encrypted Key: s5gYfto8TOzW6OsX
 2019-12-07 09:02:10.872812 4487
Encrypted Key: oxLMYg4MMEphVxTX
 2019-12-07 09:05:21.077484 4768
Encrypted Key: 6Uix1Vvxq0k7Crdc
 2019-12-07 09:08:00.529402 5015
Encrypted Key: vmIb962yfASb5mHW
 2019-12-09 16:20:08.262844 1794
Encrypted Key: XupeAeghHXFlEqS2
 2019-12-09 16:23:02.615245 2175
Encrypted Key: hUDzoPcvftE8J2ye
 2019-12-09 16:24:35.997458 1404
Encrypted Key: 6T2mqequOyFO4vA955lP3lKVU_2ahxvFwoG3dhwc4ME=
 2019-12-09 17:42:31.275640 5552
Encrypted Key: Z9QhlnZ-sJdrUmpVGEGDRAbFaVIEvy3R95tQtwFxIpk=
 2019-12-09 17:45:20.255112 5772
Encrypted Key: Z9QhlnZ-sJdrUmpVGEGDRAbFaVIEvy3R95tQtwFxIpk=
 2019-12-09 17:45:50.944793 5781
Encrypted Key: Z9QhlnZ-sJdrUmpVGEGDRAbFaVIEvy3R95tQtwFxIpk=
 2019-12-09 17:46:13.783313 5787
Encrypted Key: 2DDJq5MS1aAeszte9_JXIn_IhHdmXiANBYZvUlLgh7E=
 2019-12-09 17:47:47.421247 6013
Encrypted Key: 2DDJq5MS1aAeszte9_JXIn_IhHdmXiANBYZvUlLgh7E=
 2019-12-09 17:48:19.552715 6223
Encrypted Key: vFh0BIHSPzbHRkRMRyimGmbtM9bYdgfoQPFrTFGYiSU=
 2019-12-09 17:50:14.874013 6878
Encrypted Key: IgtKO0iLwCfo6_VkoklmjFaD43EMB6yUiQVMuZ9FmPk=
 2019-12-09 17:51:15.340517 7308
Encrypted Key: 2OEwWHCY_b73QPqQ2qEnDjPJ8HxIq9yIhHq1IplYrPc=
 2019-12-09 17:53:32.920181 1518
Encrypted Key: 2OEwWHCY_b73QPqQ2qEnDjPJ8HxIq9yIhHq1IplYrPc=
 2019-12-09 17:55:15.111559 1645
Encrypted Key: PgE9f3GuQic449Jdux8F9j1uJ_sEY2EUby3zaeVLpVo=
 2019-12-09 17:56:38.606924 1909
